<?xml version="1.0" encoding="UTF-8"?>
<testng-results skipped="0" failed="0" total="1" passed="1">
  <reporter-output>
  </reporter-output>
  <suite name="Suite" duration-ms="14693" started-at="2018-08-04T21:18:02Z" finished-at="2018-08-04T21:18:17Z">
    <groups>
    </groups>
    <test name="Test" duration-ms="14693" started-at="2018-08-04T21:18:02Z" finished-at="2018-08-04T21:18:17Z">
      <class name="Scripts.ValidateC">
        <test-method status="PASS" signature="preCondition()[pri:0, instance:Scripts.ValidateC@71423665]" name="preCondition" is-config="true" duration-ms="8706" started-at="2018-08-05T02:48:02Z" finished-at="2018-08-05T02:48:11Z">
          <reporter-output>
          </reporter-output>
        </test-method> <!-- preCondition -->
        <test-method status="PASS" signature="validateClickCart()[pri:0, instance:Scripts.ValidateC@71423665]" name="validateClickCart" duration-ms="4857" started-at="2018-08-05T02:48:11Z" finished-at="2018-08-05T02:48:15Z">
          <reporter-output>
          </reporter-output>
        </test-method> <!-- validateClickCart -->
        <test-method status="PASS" signature="postCondition()[pri:0, instance:Scripts.ValidateC@71423665]" name="postCondition" is-config="true" duration-ms="1090" started-at="2018-08-05T02:48:15Z" finished-at="2018-08-05T02:48:17Z">
          <reporter-output>
          </reporter-output>
        </test-method> <!-- postCondition -->
      </class> <!-- Scripts.ValidateC -->
    </test> <!-- Test -->
  </suite> <!-- Suite -->
</testng-results>
