<?xml version="1.0" encoding="UTF-8"?>
<testng-results skipped="0" failed="0" total="1" passed="1">
  <reporter-output>
  </reporter-output>
  <suite name="Suite" duration-ms="13096" started-at="2018-08-04T22:37:53Z" finished-at="2018-08-04T22:38:06Z">
    <groups>
    </groups>
    <test name="Test" duration-ms="13096" started-at="2018-08-04T22:37:53Z" finished-at="2018-08-04T22:38:06Z">
      <class name="Scripts.ValidateC">
        <test-method status="PASS" signature="preCondition()[pri:0, instance:Scripts.ValidateC@5f2108b5]" name="preCondition" is-config="true" duration-ms="6689" started-at="2018-08-05T04:07:53Z" finished-at="2018-08-05T04:08:00Z">
          <reporter-output>
          </reporter-output>
        </test-method> <!-- preCondition -->
        <test-method status="PASS" signature="validateClickCart()[pri:0, instance:Scripts.ValidateC@5f2108b5]" name="validateClickCart" duration-ms="6017" started-at="2018-08-05T04:08:00Z" finished-at="2018-08-05T04:08:06Z">
          <reporter-output>
          </reporter-output>
        </test-method> <!-- validateClickCart -->
        <test-method status="PASS" signature="postCondition()[pri:0, instance:Scripts.ValidateC@5f2108b5]" name="postCondition" is-config="true" duration-ms="360" started-at="2018-08-05T04:08:06Z" finished-at="2018-08-05T04:08:06Z">
          <reporter-output>
          </reporter-output>
        </test-method> <!-- postCondition -->
      </class> <!-- Scripts.ValidateC -->
    </test> <!-- Test -->
  </suite> <!-- Suite -->
</testng-results>
