<?xml version="1.0" encoding="UTF-8"?>
<testng-results skipped="0" failed="0" total="1" passed="1">
  <reporter-output>
  </reporter-output>
  <suite name="Suite" duration-ms="9077" started-at="2018-07-23T12:31:36Z" finished-at="2018-07-23T12:31:45Z">
    <groups>
    </groups>
    <test name="Test" duration-ms="9077" started-at="2018-07-23T12:31:36Z" finished-at="2018-07-23T12:31:45Z">
      <class name="Scripts.ValidateCart">
        <test-method status="PASS" signature="preCondition()[pri:0, instance:Scripts.ValidateCart@71423665]" name="preCondition" is-config="true" duration-ms="7254" started-at="2018-07-23T18:01:36Z" finished-at="2018-07-23T18:01:43Z">
          <reporter-output>
          </reporter-output>
        </test-method> <!-- preCondition -->
        <test-method status="PASS" signature="validateClickCart()[pri:0, instance:Scripts.ValidateCart@71423665]" name="validateClickCart" duration-ms="1421" started-at="2018-07-23T18:01:43Z" finished-at="2018-07-23T18:01:45Z">
          <reporter-output>
          </reporter-output>
        </test-method> <!-- validateClickCart -->
        <test-method status="PASS" signature="postCondition()[pri:0, instance:Scripts.ValidateCart@71423665]" name="postCondition" is-config="true" duration-ms="358" started-at="2018-07-23T18:01:45Z" finished-at="2018-07-23T18:01:45Z">
          <reporter-output>
          </reporter-output>
        </test-method> <!-- postCondition -->
      </class> <!-- Scripts.ValidateCart -->
    </test> <!-- Test -->
  </suite> <!-- Suite -->
</testng-results>
